2023-01-23 17:20:10,165 [Worker-0: Loading available Gradle versions] INFO  o.e.b.c.i.u.g.PublishedGradleVersions - Gradle version information cache is up-to-date. Trying to read.
2023-01-23 19:56:05,020 [Worker-1: Loading available Gradle versions] INFO  o.e.b.c.i.u.g.PublishedGradleVersions - Gradle version information cache is up-to-date. Trying to read.
2023-01-23 21:28:04,077 [Worker-2: Loading available Gradle versions] INFO  o.e.b.c.i.u.g.PublishedGradleVersions - Gradle version information cache is up-to-date. Trying to read.
2023-01-23 21:39:55,785 [Worker-2: Loading available Gradle versions] INFO  o.e.b.c.i.u.g.PublishedGradleVersions - Gradle version information cache is up-to-date. Trying to read.
2023-01-24 09:41:43,695 [Worker-5: Loading available Gradle versions] INFO  o.e.b.c.i.u.g.PublishedGradleVersions - Gradle version information cache is up-to-date. Trying to read.
2023-01-24 14:27:52,099 [Worker-3: Loading available Gradle versions] INFO  o.e.b.c.i.u.g.PublishedGradleVersions - Gradle version information cache is out-of-date. Trying to update.
2023-01-24 14:28:08,851 [Worker-19: https://download.jboss.org/jbosstools/targetplatforms/jbosstoolstarget/4.26.0.Final-SNAPSHOT/REPO/p2.index] INFO  o.a.h.c.h.i.c.HttpRequestRetryExec - Recoverable I/O exception (java.net.SocketException) caught when processing request to {s}->https://download.jboss.org:443
2023-01-24 14:28:08,855 [Worker-4: https://download.oracle.com/otn_software/oepe/12.2.1.10/photon/repository/tools/p2.index] INFO  o.a.h.c.h.i.c.HttpRequestRetryExec - Recoverable I/O exception (org.apache.hc.core5.http.NoHttpResponseException) caught when processing request to {s}->https://download.oracle.com:443
2023-01-24 14:28:08,856 [Worker-16: https://download.eclipse.org/jetty/updates/jetty-wtp/site.xml] INFO  o.a.h.c.h.i.c.HttpRequestRetryExec - Recoverable I/O exception (java.net.SocketException) caught when processing request to {s}->https://download.eclipse.org:443
2023-01-24 14:28:08,858 [Worker-7: http://downloads.sourceforge.net/project/sapnweclipse/updates/features/com.sap.netweaver.porta.ide.eclipse.feature_0.5.0.200909151631.jar] INFO  o.a.h.c.h.i.c.HttpRequestRetryExec - Recoverable I/O exception (java.net.SocketException) caught when processing request to {}->http://downloads.sourceforge.net:80
2023-01-24 14:37:51,249 [Worker-0: Loading available Gradle versions] INFO  o.e.b.c.i.u.g.PublishedGradleVersions - Gradle version information cache is up-to-date. Trying to read.
2023-01-24 21:31:43,695 [Worker-3: Loading available Gradle versions] INFO  o.e.b.c.i.u.g.PublishedGradleVersions - Gradle version information cache is up-to-date. Trying to read.
2023-01-25 09:11:09,913 [Worker-4: Loading available Gradle versions] INFO  o.e.b.c.i.u.g.PublishedGradleVersions - Gradle version information cache is up-to-date. Trying to read.
2023-01-25 09:49:14,626 [Worker-0: Loading available Gradle versions] INFO  o.e.b.c.i.u.g.PublishedGradleVersions - Gradle version information cache is up-to-date. Trying to read.
2023-01-25 10:24:23,982 [Worker-3: Loading available Gradle versions] INFO  o.e.b.c.i.u.g.PublishedGradleVersions - Gradle version information cache is up-to-date. Trying to read.
2023-01-25 10:54:16,149 [Worker-5: Loading available Gradle versions] INFO  o.e.b.c.i.u.g.PublishedGradleVersions - Gradle version information cache is up-to-date. Trying to read.
2023-01-25 11:52:35,584 [Worker-2: Loading available Gradle versions] INFO  o.e.b.c.i.u.g.PublishedGradleVersions - Gradle version information cache is up-to-date. Trying to read.
2023-01-25 12:24:04,347 [Worker-0: Loading available Gradle versions] INFO  o.e.b.c.i.u.g.PublishedGradleVersions - Gradle version information cache is up-to-date. Trying to read.
2023-01-25 13:42:17,555 [Worker-3: Loading available Gradle versions] INFO  o.e.b.c.i.u.g.PublishedGradleVersions - Gradle version information cache is up-to-date. Trying to read.
2023-01-25 21:47:19,023 [Worker-7: Loading available Gradle versions] INFO  o.e.b.c.i.u.g.PublishedGradleVersions - Gradle version information cache is out-of-date. Trying to update.
2023-01-25 21:47:19,130 [Worker-7: Loading available Gradle versions] INFO  o.e.b.c.i.u.g.PublishedGradleVersions - Updating Gradle version information cache failed. Using outdated cache.
2023-01-26 16:09:34,959 [Worker-1: Loading available Gradle versions] INFO  o.e.b.c.i.u.g.PublishedGradleVersions - Gradle version information cache is out-of-date. Trying to update.
2023-01-26 16:09:35,523 [Worker-1: Loading available Gradle versions] INFO  o.e.b.c.i.u.g.PublishedGradleVersions - Updating Gradle version information cache failed. Using outdated cache.
2023-01-26 17:54:15,481 [Worker-2: Loading available Gradle versions] INFO  o.e.b.c.i.u.g.PublishedGradleVersions - Gradle version information cache is out-of-date. Trying to update.
2023-01-26 17:54:15,885 [Worker-2: Loading available Gradle versions] INFO  o.e.b.c.i.u.g.PublishedGradleVersions - Updating Gradle version information cache failed. Using outdated cache.
2023-01-26 18:39:42,533 [Worker-1: Loading available Gradle versions] INFO  o.e.b.c.i.u.g.PublishedGradleVersions - Gradle version information cache is out-of-date. Trying to update.
2023-01-26 18:39:57,833 [Worker-1: Loading available Gradle versions] INFO  o.e.b.c.i.u.g.PublishedGradleVersions - Updating Gradle version information cache failed. Using outdated cache.
2023-01-27 07:32:53,723 [Worker-4: Loading available Gradle versions] INFO  o.e.b.c.i.u.g.PublishedGradleVersions - Gradle version information cache is up-to-date. Trying to read.
2023-01-27 09:59:07,685 [Worker-1: Loading available Gradle versions] INFO  o.e.b.c.i.u.g.PublishedGradleVersions - Gradle version information cache is up-to-date. Trying to read.
2023-01-27 13:48:44,015 [Worker-2: Loading available Gradle versions] INFO  o.e.b.c.i.u.g.PublishedGradleVersions - Gradle version information cache is up-to-date. Trying to read.
2023-01-27 20:07:36,340 [Worker-5: Loading available Gradle versions] INFO  o.e.b.c.i.u.g.PublishedGradleVersions - Gradle version information cache is up-to-date. Trying to read.
2023-01-27 21:21:48,838 [Worker-1: Loading available Gradle versions] INFO  o.e.b.c.i.u.g.PublishedGradleVersions - Gradle version information cache is up-to-date. Trying to read.
2023-01-27 22:19:33,968 [Worker-1: Loading available Gradle versions] INFO  o.e.b.c.i.u.g.PublishedGradleVersions - Gradle version information cache is up-to-date. Trying to read.
2023-01-28 09:46:45,761 [Worker-2: Loading available Gradle versions] INFO  o.e.b.c.i.u.g.PublishedGradleVersions - Gradle version information cache is out-of-date. Trying to update.
2023-01-28 09:46:46,103 [Worker-2: Loading available Gradle versions] INFO  o.e.b.c.i.u.g.PublishedGradleVersions - Updating Gradle version information cache failed. Using outdated cache.
2023-01-28 22:39:42,630 [Worker-5: Loading available Gradle versions] INFO  o.e.b.c.i.u.g.PublishedGradleVersions - Gradle version information cache is up-to-date. Trying to read.
2023-01-29 11:29:42,434 [Worker-3: Loading available Gradle versions] INFO  o.e.b.c.i.u.g.PublishedGradleVersions - Gradle version information cache is up-to-date. Trying to read.
2023-01-29 18:37:49,044 [Worker-3: Loading available Gradle versions] INFO  o.e.b.c.i.u.g.PublishedGradleVersions - Gradle version information cache is up-to-date. Trying to read.
2023-01-29 22:36:04,551 [Worker-1: Loading available Gradle versions] INFO  o.e.b.c.i.u.g.PublishedGradleVersions - Gradle version information cache is up-to-date. Trying to read.
2023-01-30 09:55:57,187 [Worker-2: Loading available Gradle versions] INFO  o.e.b.c.i.u.g.PublishedGradleVersions - Gradle version information cache is up-to-date. Trying to read.
2023-01-30 10:12:54,961 [Worker-2: Loading available Gradle versions] INFO  o.e.b.c.i.u.g.PublishedGradleVersions - Gradle version information cache is up-to-date. Trying to read.
2023-01-30 10:30:07,086 [Worker-1: Loading available Gradle versions] INFO  o.e.b.c.i.u.g.PublishedGradleVersions - Gradle version information cache is up-to-date. Trying to read.
2023-01-30 21:39:46,389 [Worker-2: Loading available Gradle versions] INFO  o.e.b.c.i.u.g.PublishedGradleVersions - Gradle version information cache is out-of-date. Trying to update.
2023-01-30 21:39:46,690 [Worker-2: Loading available Gradle versions] INFO  o.e.b.c.i.u.g.PublishedGradleVersions - Updating Gradle version information cache failed. Using outdated cache.
2023-01-31 09:11:13,749 [Worker-4: Loading available Gradle versions] INFO  o.e.b.c.i.u.g.PublishedGradleVersions - Gradle version information cache is out-of-date. Trying to update.
2023-01-31 09:11:13,978 [Worker-4: Loading available Gradle versions] INFO  o.e.b.c.i.u.g.PublishedGradleVersions - Updating Gradle version information cache failed. Using outdated cache.
2023-01-31 09:45:14,015 [Worker-2: Loading available Gradle versions] INFO  o.e.b.c.i.u.g.PublishedGradleVersions - Gradle version information cache is out-of-date. Trying to update.
2023-01-31 09:45:24,364 [Worker-2: Loading available Gradle versions] INFO  o.e.b.c.i.u.g.PublishedGradleVersions - Updating Gradle version information cache failed. Using outdated cache.
2023-01-31 10:03:54,828 [Worker-1: Loading available Gradle versions] INFO  o.e.b.c.i.u.g.PublishedGradleVersions - Gradle version information cache is up-to-date. Trying to read.
2023-01-31 11:32:11,464 [Worker-8: Loading available Gradle versions] INFO  o.e.b.c.i.u.g.PublishedGradleVersions - Gradle version information cache is up-to-date. Trying to read.
2023-01-31 13:48:04,211 [Worker-1: Loading available Gradle versions] INFO  o.e.b.c.i.u.g.PublishedGradleVersions - Gradle version information cache is up-to-date. Trying to read.
2023-01-31 21:43:48,919 [Worker-4: Loading available Gradle versions] INFO  o.e.b.c.i.u.g.PublishedGradleVersions - Gradle version information cache is up-to-date. Trying to read.
2023-02-01 09:18:11,734 [Worker-3: Loading available Gradle versions] INFO  o.e.b.c.i.u.g.PublishedGradleVersions - Gradle version information cache is up-to-date. Trying to read.
2023-02-01 09:21:10,841 [Worker-15: Launching mavenrun-f53c2d1f-30b2-4a60-aaab-44cb0f857a41] INFO  o.eclipse.m2e.core.internal.Bundles - getClasspathEntries(Bundle=org.eclipse.m2e.maven.runtime_3.8.604.20221130-2149 [603])
2023-02-01 09:21:10,850 [Worker-15: Launching mavenrun-f53c2d1f-30b2-4a60-aaab-44cb0f857a41] INFO  o.eclipse.m2e.core.internal.Bundles - 	Entry: C:\Users\Pratyaksha Verma\.p2\pool\plugins\org.eclipse.m2e.maven.runtime_3.8.604.20221130-2149
2023-02-01 09:21:10,850 [Worker-15: Launching mavenrun-f53c2d1f-30b2-4a60-aaab-44cb0f857a41] INFO  o.eclipse.m2e.core.internal.Bundles - 	Entry: C:\Users\Pratyaksha Verma\.p2\pool\plugins\org.eclipse.m2e.maven.runtime_3.8.604.20221130-2149\jars\aether-connector-okhttp-0.17.8.jar
2023-02-01 09:21:10,850 [Worker-15: Launching mavenrun-f53c2d1f-30b2-4a60-aaab-44cb0f857a41] INFO  o.eclipse.m2e.core.internal.Bundles - 	Entry: C:\Users\Pratyaksha Verma\.p2\pool\plugins\org.eclipse.m2e.maven.runtime_3.8.604.20221130-2149\jars\commons-cli-1.4.jar
2023-02-01 09:21:10,851 [Worker-15: Launching mavenrun-f53c2d1f-30b2-4a60-aaab-44cb0f857a41] INFO  o.eclipse.m2e.core.internal.Bundles - 	Entry: C:\Users\Pratyaksha Verma\.p2\pool\plugins\org.eclipse.m2e.maven.runtime_3.8.604.20221130-2149\jars\commons-io-2.6.jar
2023-02-01 09:21:10,851 [Worker-15: Launching mavenrun-f53c2d1f-30b2-4a60-aaab-44cb0f857a41] INFO  o.eclipse.m2e.core.internal.Bundles - 	Entry: C:\Users\Pratyaksha Verma\.p2\pool\plugins\org.eclipse.m2e.maven.runtime_3.8.604.20221130-2149\jars\commons-lang3-3.8.1.jar
2023-02-01 09:21:10,851 [Worker-15: Launching mavenrun-f53c2d1f-30b2-4a60-aaab-44cb0f857a41] INFO  o.eclipse.m2e.core.internal.Bundles - 	Entry: C:\Users\Pratyaksha Verma\.p2\pool\plugins\org.eclipse.m2e.maven.runtime_3.8.604.20221130-2149\jars\guice-4.2.2-no_aop.jar
2023-02-01 09:21:10,851 [Worker-15: Launching mavenrun-f53c2d1f-30b2-4a60-aaab-44cb0f857a41] INFO  o.eclipse.m2e.core.internal.Bundles - 	Entry: C:\Users\Pratyaksha Verma\.p2\pool\plugins\org.eclipse.m2e.maven.runtime_3.8.604.20221130-2149\jars\jansi-2.4.0.jar
2023-02-01 09:21:10,851 [Worker-15: Launching mavenrun-f53c2d1f-30b2-4a60-aaab-44cb0f857a41] INFO  o.eclipse.m2e.core.internal.Bundles - 	Entry: C:\Users\Pratyaksha Verma\.p2\pool\plugins\org.eclipse.m2e.maven.runtime_3.8.604.20221130-2149\jars\maven-artifact-3.8.6.jar
2023-02-01 09:21:10,852 [Worker-15: Launching mavenrun-f53c2d1f-30b2-4a60-aaab-44cb0f857a41] INFO  o.eclipse.m2e.core.internal.Bundles - 	Entry: C:\Users\Pratyaksha Verma\.p2\pool\plugins\org.eclipse.m2e.maven.runtime_3.8.604.20221130-2149\jars\maven-builder-support-3.8.6.jar
2023-02-01 09:21:10,852 [Worker-15: Launching mavenrun-f53c2d1f-30b2-4a60-aaab-44cb0f857a41] INFO  o.eclipse.m2e.core.internal.Bundles - 	Entry: C:\Users\Pratyaksha Verma\.p2\pool\plugins\org.eclipse.m2e.maven.runtime_3.8.604.20221130-2149\jars\maven-compat-3.8.6.jar
2023-02-01 09:21:10,852 [Worker-15: Launching mavenrun-f53c2d1f-30b2-4a60-aaab-44cb0f857a41] INFO  o.eclipse.m2e.core.internal.Bundles - 	Entry: C:\Users\Pratyaksha Verma\.p2\pool\plugins\org.eclipse.m2e.maven.runtime_3.8.604.20221130-2149\jars\maven-core-3.8.6.jar
2023-02-01 09:21:10,852 [Worker-15: Launching mavenrun-f53c2d1f-30b2-4a60-aaab-44cb0f857a41] INFO  o.eclipse.m2e.core.internal.Bundles - 	Entry: C:\Users\Pratyaksha Verma\.p2\pool\plugins\org.eclipse.m2e.maven.runtime_3.8.604.20221130-2149\jars\maven-embedder-3.8.6.jar
2023-02-01 09:21:10,852 [Worker-15: Launching mavenrun-f53c2d1f-30b2-4a60-aaab-44cb0f857a41] INFO  o.eclipse.m2e.core.internal.Bundles - 	Entry: C:\Users\Pratyaksha Verma\.p2\pool\plugins\org.eclipse.m2e.maven.runtime_3.8.604.20221130-2149\jars\maven-model-3.8.6.jar
2023-02-01 09:21:10,853 [Worker-15: Launching mavenrun-f53c2d1f-30b2-4a60-aaab-44cb0f857a41] INFO  o.eclipse.m2e.core.internal.Bundles - 	Entry: C:\Users\Pratyaksha Verma\.p2\pool\plugins\org.eclipse.m2e.maven.runtime_3.8.604.20221130-2149\jars\maven-model-builder-3.8.6.jar
2023-02-01 09:21:10,853 [Worker-15: Launching mavenrun-f53c2d1f-30b2-4a60-aaab-44cb0f857a41] INFO  o.eclipse.m2e.core.internal.Bundles - 	Entry: C:\Users\Pratyaksha Verma\.p2\pool\plugins\org.eclipse.m2e.maven.runtime_3.8.604.20221130-2149\jars\maven-plugin-api-3.8.6.jar
2023-02-01 09:21:10,854 [Worker-15: Launching mavenrun-f53c2d1f-30b2-4a60-aaab-44cb0f857a41] INFO  o.eclipse.m2e.core.internal.Bundles - 	Entry: C:\Users\Pratyaksha Verma\.p2\pool\plugins\org.eclipse.m2e.maven.runtime_3.8.604.20221130-2149\jars\maven-repository-metadata-3.8.6.jar
2023-02-01 09:21:10,854 [Worker-15: Launching mavenrun-f53c2d1f-30b2-4a60-aaab-44cb0f857a41] INFO  o.eclipse.m2e.core.internal.Bundles - 	Entry: C:\Users\Pratyaksha Verma\.p2\pool\plugins\org.eclipse.m2e.maven.runtime_3.8.604.20221130-2149\jars\maven-resolver-api-1.6.3.jar
2023-02-01 09:21:10,854 [Worker-15: Launching mavenrun-f53c2d1f-30b2-4a60-aaab-44cb0f857a41] INFO  o.eclipse.m2e.core.internal.Bundles - 	Entry: C:\Users\Pratyaksha Verma\.p2\pool\plugins\org.eclipse.m2e.maven.runtime_3.8.604.20221130-2149\jars\maven-resolver-connector-basic-1.6.3.jar
2023-02-01 09:21:10,854 [Worker-15: Launching mavenrun-f53c2d1f-30b2-4a60-aaab-44cb0f857a41] INFO  o.eclipse.m2e.core.internal.Bundles - 	Entry: C:\Users\Pratyaksha Verma\.p2\pool\plugins\org.eclipse.m2e.maven.runtime_3.8.604.20221130-2149\jars\maven-resolver-impl-1.6.3.jar
2023-02-01 09:21:10,855 [Worker-15: Launching mavenrun-f53c2d1f-30b2-4a60-aaab-44cb0f857a41] INFO  o.eclipse.m2e.core.internal.Bundles - 	Entry: C:\Users\Pratyaksha Verma\.p2\pool\plugins\org.eclipse.m2e.maven.runtime_3.8.604.20221130-2149\jars\maven-resolver-provider-3.8.6.jar
2023-02-01 09:21:10,855 [Worker-15: Launching mavenrun-f53c2d1f-30b2-4a60-aaab-44cb0f857a41] INFO  o.eclipse.m2e.core.internal.Bundles - 	Entry: C:\Users\Pratyaksha Verma\.p2\pool\plugins\org.eclipse.m2e.maven.runtime_3.8.604.20221130-2149\jars\maven-resolver-spi-1.6.3.jar
2023-02-01 09:21:10,855 [Worker-15: Launching mavenrun-f53c2d1f-30b2-4a60-aaab-44cb0f857a41] INFO  o.eclipse.m2e.core.internal.Bundles - 	Entry: C:\Users\Pratyaksha Verma\.p2\pool\plugins\org.eclipse.m2e.maven.runtime_3.8.604.20221130-2149\jars\maven-resolver-transport-wagon-1.6.3.jar
2023-02-01 09:21:10,855 [Worker-15: Launching mavenrun-f53c2d1f-30b2-4a60-aaab-44cb0f857a41] INFO  o.eclipse.m2e.core.internal.Bundles - 	Entry: C:\Users\Pratyaksha Verma\.p2\pool\plugins\org.eclipse.m2e.maven.runtime_3.8.604.20221130-2149\jars\maven-resolver-util-1.6.3.jar
2023-02-01 09:21:10,855 [Worker-15: Launching mavenrun-f53c2d1f-30b2-4a60-aaab-44cb0f857a41] INFO  o.eclipse.m2e.core.internal.Bundles - 	Entry: C:\Users\Pratyaksha Verma\.p2\pool\plugins\org.eclipse.m2e.maven.runtime_3.8.604.20221130-2149\jars\maven-settings-3.8.6.jar
2023-02-01 09:21:10,856 [Worker-15: Launching mavenrun-f53c2d1f-30b2-4a60-aaab-44cb0f857a41] INFO  o.eclipse.m2e.core.internal.Bundles - 	Entry: C:\Users\Pratyaksha Verma\.p2\pool\plugins\org.eclipse.m2e.maven.runtime_3.8.604.20221130-2149\jars\maven-settings-builder-3.8.6.jar
2023-02-01 09:21:10,856 [Worker-15: Launching mavenrun-f53c2d1f-30b2-4a60-aaab-44cb0f857a41] INFO  o.eclipse.m2e.core.internal.Bundles - 	Entry: C:\Users\Pratyaksha Verma\.p2\pool\plugins\org.eclipse.m2e.maven.runtime_3.8.604.20221130-2149\jars\maven-shared-utils-3.3.4.jar
2023-02-01 09:21:10,856 [Worker-15: Launching mavenrun-f53c2d1f-30b2-4a60-aaab-44cb0f857a41] INFO  o.eclipse.m2e.core.internal.Bundles - 	Entry: C:\Users\Pratyaksha Verma\.p2\pool\plugins\org.eclipse.m2e.maven.runtime_3.8.604.20221130-2149\jars\okhttp-3.14.1.jar
2023-02-01 09:21:10,856 [Worker-15: Launching mavenrun-f53c2d1f-30b2-4a60-aaab-44cb0f857a41] INFO  o.eclipse.m2e.core.internal.Bundles - 	Entry: C:\Users\Pratyaksha Verma\.p2\pool\plugins\org.eclipse.m2e.maven.runtime_3.8.604.20221130-2149\jars\okio-1.17.3.jar
2023-02-01 09:21:10,856 [Worker-15: Launching mavenrun-f53c2d1f-30b2-4a60-aaab-44cb0f857a41] INFO  o.eclipse.m2e.core.internal.Bundles - 	Entry: C:\Users\Pratyaksha Verma\.p2\pool\plugins\org.eclipse.m2e.maven.runtime_3.8.604.20221130-2149\jars\org.eclipse.sisu.inject-0.3.5.jar
2023-02-01 09:21:10,856 [Worker-15: Launching mavenrun-f53c2d1f-30b2-4a60-aaab-44cb0f857a41] INFO  o.eclipse.m2e.core.internal.Bundles - 	Entry: C:\Users\Pratyaksha Verma\.p2\pool\plugins\org.eclipse.m2e.maven.runtime_3.8.604.20221130-2149\jars\org.eclipse.sisu.plexus-0.3.5.jar
2023-02-01 09:21:10,857 [Worker-15: Launching mavenrun-f53c2d1f-30b2-4a60-aaab-44cb0f857a41] INFO  o.eclipse.m2e.core.internal.Bundles - 	Entry: C:\Users\Pratyaksha Verma\.p2\pool\plugins\org.eclipse.m2e.maven.runtime_3.8.604.20221130-2149\jars\plexus-build-api-0.0.7.jar
2023-02-01 09:21:10,857 [Worker-15: Launching mavenrun-f53c2d1f-30b2-4a60-aaab-44cb0f857a41] INFO  o.eclipse.m2e.core.internal.Bundles - 	Entry: C:\Users\Pratyaksha Verma\.p2\pool\plugins\org.eclipse.m2e.maven.runtime_3.8.604.20221130-2149\jars\plexus-cipher-2.0.jar
2023-02-01 09:21:10,857 [Worker-15: Launching mavenrun-f53c2d1f-30b2-4a60-aaab-44cb0f857a41] INFO  o.eclipse.m2e.core.internal.Bundles - 	Entry: C:\Users\Pratyaksha Verma\.p2\pool\plugins\org.eclipse.m2e.maven.runtime_3.8.604.20221130-2149\jars\plexus-classworlds-2.6.0.jar
2023-02-01 09:21:10,857 [Worker-15: Launching mavenrun-f53c2d1f-30b2-4a60-aaab-44cb0f857a41] INFO  o.eclipse.m2e.core.internal.Bundles - 	Entry: C:\Users\Pratyaksha Verma\.p2\pool\plugins\org.eclipse.m2e.maven.runtime_3.8.604.20221130-2149\jars\plexus-component-annotations-2.1.0.jar
2023-02-01 09:21:10,858 [Worker-15: Launching mavenrun-f53c2d1f-30b2-4a60-aaab-44cb0f857a41] INFO  o.eclipse.m2e.core.internal.Bundles - 	Entry: C:\Users\Pratyaksha Verma\.p2\pool\plugins\org.eclipse.m2e.maven.runtime_3.8.604.20221130-2149\jars\plexus-interpolation-1.26.jar
2023-02-01 09:21:10,858 [Worker-15: Launching mavenrun-f53c2d1f-30b2-4a60-aaab-44cb0f857a41] INFO  o.eclipse.m2e.core.internal.Bundles - 	Entry: C:\Users\Pratyaksha Verma\.p2\pool\plugins\org.eclipse.m2e.maven.runtime_3.8.604.20221130-2149\jars\plexus-sec-dispatcher-2.0.jar
2023-02-01 09:21:10,858 [Worker-15: Launching mavenrun-f53c2d1f-30b2-4a60-aaab-44cb0f857a41] INFO  o.eclipse.m2e.core.internal.Bundles - 	Entry: C:\Users\Pratyaksha Verma\.p2\pool\plugins\org.eclipse.m2e.maven.runtime_3.8.604.20221130-2149\jars\plexus-utils-3.3.1.jar
2023-02-01 09:21:10,858 [Worker-15: Launching mavenrun-f53c2d1f-30b2-4a60-aaab-44cb0f857a41] INFO  o.eclipse.m2e.core.internal.Bundles - 	Entry: C:\Users\Pratyaksha Verma\.p2\pool\plugins\org.eclipse.m2e.maven.runtime_3.8.604.20221130-2149\jars\wagon-file-3.5.1.jar
2023-02-01 09:21:10,858 [Worker-15: Launching mavenrun-f53c2d1f-30b2-4a60-aaab-44cb0f857a41] INFO  o.eclipse.m2e.core.internal.Bundles - 	Entry: C:\Users\Pratyaksha Verma\.p2\pool\plugins\org.eclipse.m2e.maven.runtime_3.8.604.20221130-2149\jars\wagon-provider-api-3.5.1.jar
2023-02-01 09:21:10,861 [Worker-15: Launching mavenrun-f53c2d1f-30b2-4a60-aaab-44cb0f857a41] INFO  o.eclipse.m2e.core.internal.Bundles - getClasspathEntries(Bundle=com.google.guava_30.1.0.v20221112-0806 [10])
2023-02-01 09:21:10,864 [Worker-15: Launching mavenrun-f53c2d1f-30b2-4a60-aaab-44cb0f857a41] INFO  o.eclipse.m2e.core.internal.Bundles - 	Entry: C:\Users\Pratyaksha Verma\.p2\pool\plugins\com.google.guava_30.1.0.v20221112-0806.jar
2023-02-01 09:21:10,865 [Worker-15: Launching mavenrun-f53c2d1f-30b2-4a60-aaab-44cb0f857a41] INFO  o.eclipse.m2e.core.internal.Bundles - getClasspathEntries(Bundle=slf4j.api_1.7.36 [915])
2023-02-01 09:21:10,866 [Worker-15: Launching mavenrun-f53c2d1f-30b2-4a60-aaab-44cb0f857a41] INFO  o.eclipse.m2e.core.internal.Bundles - 	Entry: C:\Users\Pratyaksha Verma\.p2\pool\plugins\slf4j.api_1.7.36.jar
2023-02-01 09:21:10,866 [Worker-15: Launching mavenrun-f53c2d1f-30b2-4a60-aaab-44cb0f857a41] INFO  o.eclipse.m2e.core.internal.Bundles - getClasspathEntries(Bundle=javax.inject_1.0.0.v20220405-0441 [32])
2023-02-01 09:21:10,868 [Worker-15: Launching mavenrun-f53c2d1f-30b2-4a60-aaab-44cb0f857a41] INFO  o.eclipse.m2e.core.internal.Bundles - 	Entry: C:\Users\Pratyaksha Verma\.p2\pool\plugins\javax.inject_1.0.0.v20220405-0441.jar
2023-02-01 09:21:10,868 [Worker-15: Launching mavenrun-f53c2d1f-30b2-4a60-aaab-44cb0f857a41] INFO  o.eclipse.m2e.core.internal.Bundles - getClasspathEntries(Bundle=javax.annotation_1.3.5.v20221112-0806 [30])
2023-02-01 09:21:10,870 [Worker-15: Launching mavenrun-f53c2d1f-30b2-4a60-aaab-44cb0f857a41] INFO  o.eclipse.m2e.core.internal.Bundles - 	Entry: C:\Users\Pratyaksha Verma\.p2\pool\plugins\javax.annotation_1.3.5.v20221112-0806.jar
2023-02-01 09:21:10,881 [Worker-15: Launching mavenrun-f53c2d1f-30b2-4a60-aaab-44cb0f857a41] INFO  o.e.m.i.launch.MavenLaunchDelegate - Run build in "C:\Users\PRATYA~1\AppData\Local\Temp\m2e-archetypeGenerator5175734798079812900":
2023-02-01 09:21:10,884 [Worker-15: Launching mavenrun-f53c2d1f-30b2-4a60-aaab-44cb0f857a41] INFO  o.e.m.i.launch.MavenLaunchDelegate -  mvn  -DarchetypeGroupId=org.apache.maven.archetypes -DarchetypeArtifactId=maven-archetype-quickstart -DarchetypeVersion=1.1 -DgroupId=com.myproject -DartifactId=Spring -Dversion=0.0.1-SNAPSHOT -Dpackage=com.myproject.Spring -DoutputDirectory="D:\Eclipse Workspace" -Dstyle.color=always -U archetype:generate
2023-02-01 09:21:17,799 [Worker-19: Creating maven-archetype-quickstart] INFO  o.e.m.c.i.p.ProjectConfigurationManager - Collecting project info '/pom.xml' D:\Eclipse Workspace\Spring\pom.xml
2023-02-01 09:21:18,610 [Worker-19: Creating maven-archetype-quickstart] INFO  o.e.m.c.i.l.LifecycleMappingFactory - Using org.eclipse.m2e.jdt.JarLifecycleMapping lifecycle mapping for MavenProject: com.myproject:Spring:0.0.1-SNAPSHOT @ D:\Eclipse Workspace\Spring\pom.xml.
2023-02-01 09:21:19,105 [Worker-19: Creating maven-archetype-quickstart] INFO  o.e.m.j.i.AbstractJavaProjectConfigurator - Adding source folder /Spring/src/main/java
2023-02-01 09:21:19,143 [Worker-19: Creating maven-archetype-quickstart] INFO  o.e.m.j.i.AbstractJavaProjectConfigurator - Adding source folder /Spring/src/test/java
2023-02-01 09:21:19,615 [Worker-19: Creating maven-archetype-quickstart] INFO  o.e.m.c.i.p.ProjectConfigurationManager - Imported and configured 1 project(s) in 1 sec
2023-02-01 09:21:20,241 [Worker-23: Building] INFO  o.e.m.c.i.embedder.EclipseLogger - Using 'UTF-8' encoding to copy filtered resources.
2023-02-01 09:21:20,241 [Worker-23: Building] INFO  o.e.m.c.i.embedder.EclipseLogger - skip non existing resourceDirectory D:\Eclipse Workspace\Spring\src\main\resources
2023-02-01 09:21:20,244 [Worker-23: Building] INFO  o.e.m.c.i.embedder.EclipseLogger - Using 'UTF-8' encoding to copy filtered resources.
2023-02-01 09:21:20,244 [Worker-23: Building] INFO  o.e.m.c.i.embedder.EclipseLogger - skip non existing resourceDirectory D:\Eclipse Workspace\Spring\src\test\resources
2023-02-01 09:22:16,923 [Worker-15: Building] INFO  o.e.m.c.i.l.LifecycleMappingFactory - Using org.eclipse.m2e.jdt.JarLifecycleMapping lifecycle mapping for MavenProject: com.myproject:Spring:0.0.1-SNAPSHOT @ D:\Eclipse Workspace\Spring\pom.xml.
2023-02-01 09:22:17,120 [Worker-15: Building] INFO  o.e.m.c.i.embedder.EclipseLogger - Using 'UTF-8' encoding to copy filtered resources.
2023-02-01 09:22:17,120 [Worker-15: Building] INFO  o.e.m.c.i.embedder.EclipseLogger - skip non existing resourceDirectory D:\Eclipse Workspace\Spring\src\main\resources
2023-02-01 09:22:17,123 [Worker-15: Building] INFO  o.e.m.c.i.embedder.EclipseLogger - Using 'UTF-8' encoding to copy filtered resources.
2023-02-01 09:22:17,124 [Worker-15: Building] INFO  o.e.m.c.i.embedder.EclipseLogger - skip non existing resourceDirectory D:\Eclipse Workspace\Spring\src\test\resources
2023-02-01 09:22:18,747 [Worker-22: Building] INFO  o.e.m.c.i.embedder.EclipseLogger - Using 'UTF-8' encoding to copy filtered resources.
2023-02-01 09:22:18,747 [Worker-22: Building] INFO  o.e.m.c.i.embedder.EclipseLogger - skip non existing resourceDirectory D:\Eclipse Workspace\Spring\src\main\resources
2023-02-01 09:22:18,749 [Worker-22: Building] INFO  o.e.m.c.i.embedder.EclipseLogger - Using 'UTF-8' encoding to copy filtered resources.
2023-02-01 09:22:18,750 [Worker-22: Building] INFO  o.e.m.c.i.embedder.EclipseLogger - skip non existing resourceDirectory D:\Eclipse Workspace\Spring\src\test\resources
2023-02-01 09:23:02,237 [Worker-24: Building] INFO  o.e.m.c.i.embedder.EclipseLogger - Using 'UTF-8' encoding to copy filtered resources.
2023-02-01 09:23:02,237 [Worker-24: Building] INFO  o.e.m.c.i.embedder.EclipseLogger - skip non existing resourceDirectory D:\Eclipse Workspace\Spring\src\main\resources
2023-02-01 09:23:02,240 [Worker-24: Building] INFO  o.e.m.c.i.embedder.EclipseLogger - Using 'UTF-8' encoding to copy filtered resources.
2023-02-01 09:23:02,240 [Worker-24: Building] INFO  o.e.m.c.i.embedder.EclipseLogger - skip non existing resourceDirectory D:\Eclipse Workspace\Spring\src\test\resources
2023-02-01 09:23:10,492 [Worker-19: Building] INFO  o.e.m.c.i.embedder.EclipseLogger - Using 'UTF-8' encoding to copy filtered resources.
2023-02-01 09:23:10,492 [Worker-19: Building] INFO  o.e.m.c.i.embedder.EclipseLogger - skip non existing resourceDirectory D:\Eclipse Workspace\Spring\src\main\resources
2023-02-01 09:23:10,495 [Worker-19: Building] INFO  o.e.m.c.i.embedder.EclipseLogger - Using 'UTF-8' encoding to copy filtered resources.
2023-02-01 09:23:10,495 [Worker-19: Building] INFO  o.e.m.c.i.embedder.EclipseLogger - skip non existing resourceDirectory D:\Eclipse Workspace\Spring\src\test\resources
2023-02-01 09:23:17,991 [Worker-24: Building] INFO  o.e.m.c.i.embedder.EclipseLogger - Using 'UTF-8' encoding to copy filtered resources.
2023-02-01 09:23:17,992 [Worker-24: Building] INFO  o.e.m.c.i.embedder.EclipseLogger - skip non existing resourceDirectory D:\Eclipse Workspace\Spring\src\main\resources
2023-02-01 09:23:17,995 [Worker-24: Building] INFO  o.e.m.c.i.embedder.EclipseLogger - Using 'UTF-8' encoding to copy filtered resources.
2023-02-01 09:23:17,995 [Worker-24: Building] INFO  o.e.m.c.i.embedder.EclipseLogger - skip non existing resourceDirectory D:\Eclipse Workspace\Spring\src\test\resources
2023-02-01 09:23:25,008 [Worker-19: Building] INFO  o.e.m.c.i.embedder.EclipseLogger - Using 'UTF-8' encoding to copy filtered resources.
2023-02-01 09:23:25,008 [Worker-19: Building] INFO  o.e.m.c.i.embedder.EclipseLogger - skip non existing resourceDirectory D:\Eclipse Workspace\Spring\src\main\resources
2023-02-01 09:23:25,010 [Worker-19: Building] INFO  o.e.m.c.i.embedder.EclipseLogger - Using 'UTF-8' encoding to copy filtered resources.
2023-02-01 09:23:25,011 [Worker-19: Building] INFO  o.e.m.c.i.embedder.EclipseLogger - skip non existing resourceDirectory D:\Eclipse Workspace\Spring\src\test\resources
2023-02-01 09:23:32,976 [Worker-19: Building] INFO  o.e.m.c.i.embedder.EclipseLogger - Using 'UTF-8' encoding to copy filtered resources.
2023-02-01 09:23:32,976 [Worker-19: Building] INFO  o.e.m.c.i.embedder.EclipseLogger - skip non existing resourceDirectory D:\Eclipse Workspace\Spring\src\main\resources
2023-02-01 09:23:32,979 [Worker-19: Building] INFO  o.e.m.c.i.embedder.EclipseLogger - Using 'UTF-8' encoding to copy filtered resources.
2023-02-01 09:23:32,979 [Worker-19: Building] INFO  o.e.m.c.i.embedder.EclipseLogger - skip non existing resourceDirectory D:\Eclipse Workspace\Spring\src\test\resources
2023-02-01 09:23:40,533 [Worker-23: Building] INFO  o.e.m.c.i.embedder.EclipseLogger - Using 'UTF-8' encoding to copy filtered resources.
2023-02-01 09:23:40,533 [Worker-23: Building] INFO  o.e.m.c.i.embedder.EclipseLogger - skip non existing resourceDirectory D:\Eclipse Workspace\Spring\src\main\resources
2023-02-01 09:23:40,536 [Worker-23: Building] INFO  o.e.m.c.i.embedder.EclipseLogger - Using 'UTF-8' encoding to copy filtered resources.
2023-02-01 09:23:40,536 [Worker-23: Building] INFO  o.e.m.c.i.embedder.EclipseLogger - skip non existing resourceDirectory D:\Eclipse Workspace\Spring\src\test\resources
2023-02-01 09:23:50,894 [Worker-15: Building] INFO  o.e.m.c.i.embedder.EclipseLogger - Using 'UTF-8' encoding to copy filtered resources.
2023-02-01 09:23:50,895 [Worker-15: Building] INFO  o.e.m.c.i.embedder.EclipseLogger - skip non existing resourceDirectory D:\Eclipse Workspace\Spring\src\main\resources
2023-02-01 09:23:50,897 [Worker-15: Building] INFO  o.e.m.c.i.embedder.EclipseLogger - Using 'UTF-8' encoding to copy filtered resources.
2023-02-01 09:23:50,897 [Worker-15: Building] INFO  o.e.m.c.i.embedder.EclipseLogger - skip non existing resourceDirectory D:\Eclipse Workspace\Spring\src\test\resources
2023-02-01 09:51:51,781 [Worker-1: Loading available Gradle versions] INFO  o.e.b.c.i.u.g.PublishedGradleVersions - Gradle version information cache is up-to-date. Trying to read.
2023-02-01 11:13:43,692 [Worker-3: Loading available Gradle versions] INFO  o.e.b.c.i.u.g.PublishedGradleVersions - Gradle version information cache is up-to-date. Trying to read.
2023-02-01 12:08:26,075 [Worker-2: Loading available Gradle versions] INFO  o.e.b.c.i.u.g.PublishedGradleVersions - Gradle version information cache is up-to-date. Trying to read.
2023-02-01 12:09:08,983 [Worker-2: Loading available Gradle versions] INFO  o.e.b.c.i.u.g.PublishedGradleVersions - Gradle version information cache is up-to-date. Trying to read.
2023-02-01 15:14:08,272 [Worker-1: Loading available Gradle versions] INFO  o.e.b.c.i.u.g.PublishedGradleVersions - Gradle version information cache is up-to-date. Trying to read.
2023-02-01 16:15:46,742 [Worker-2: Loading available Gradle versions] INFO  o.e.b.c.i.u.g.PublishedGradleVersions - Gradle version information cache is up-to-date. Trying to read.
2023-02-01 16:16:04,651 [Worker-10: Deferred Early Start] INFO  o.a.h.c.h.i.c.HttpRequestRetryExec - Recoverable I/O exception (java.net.SocketException) caught when processing request to {s}->https://www.eclipse.org:443
2023-02-02 21:23:35,618 [Worker-6: Loading available Gradle versions] INFO  o.e.b.c.i.u.g.PublishedGradleVersions - Gradle version information cache is up-to-date. Trying to read.
2023-02-10 19:31:40,815 [Worker-2: Loading available Gradle versions] INFO  o.e.b.c.i.u.g.PublishedGradleVersions - Gradle version information cache is up-to-date. Trying to read.
2023-02-11 23:26:00,103 [Worker-4: Loading available Gradle versions] INFO  o.e.b.c.i.u.g.PublishedGradleVersions - Gradle version information cache is up-to-date. Trying to read.
2023-02-11 23:26:02,367 [Worker-11: Building] INFO  o.e.m.c.i.embedder.EclipseLogger - Using 'UTF-8' encoding to copy filtered resources.
2023-02-11 23:26:02,396 [Worker-11: Building] INFO  o.e.m.c.i.embedder.EclipseLogger - skip non existing resourceDirectory D:\Eclipse Workspace\Spring\src\main\resources
2023-02-11 23:26:02,399 [Worker-11: Building] INFO  o.e.m.c.i.embedder.EclipseLogger - Using 'UTF-8' encoding to copy filtered resources.
2023-02-11 23:26:02,400 [Worker-11: Building] INFO  o.e.m.c.i.embedder.EclipseLogger - skip non existing resourceDirectory D:\Eclipse Workspace\Spring\src\test\resources
